This file contains any messages produced by compilers while
running configure, to aid debugging if configure makes a mistake.

It was created by meme configure 5.1.1, which was
generated by GNU Autoconf 2.69.  Invocation command line was

  $ ./configure --prefix=/Users/heshamelabd/meme --with-url=http://meme-suite.org/ --enable-build-libxml2 --enable-build-libxslt

## --------- ##
## Platform. ##
## --------- ##

hostname = Heshams-MBP.fritz.box
uname -m = x86_64
uname -r = 19.6.0
uname -s = Darwin
uname -v = Darwin Kernel Version 19.6.0: Thu Jun 18 20:49:00 PDT 2020; root:xnu-6153.141.1~1/RELEASE_X86_64

/usr/bin/uname -p = i386
/bin/uname -X     = unknown

/bin/arch              = unknown
/usr/bin/arch -k       = unknown
/usr/convex/getsysinfo = unknown
/usr/bin/hostinfo      = Mach kernel version:
	 Darwin Kernel Version 19.6.0: Thu Jun 18 20:49:00 PDT 2020; root:xnu-6153.141.1~1/RELEASE_X86_64
Kernel configured for up to 8 processors.
4 processors are physically available.
8 processors are logically available.
Processor type: x86_64h (Intel x86-64h Haswell)
Processors active: 0 1 2 3 4 5 6 7
Primary memory available: 16.00 gigabytes
Default processor set: 470 tasks, 2001 threads, 8 processors
Load average: 0.87, Mach factor: 7.12
/bin/machine           = unknown
/usr/bin/oslevel       = unknown
/bin/universe          = unknown

PATH: /Users/heshamelabd/miniconda3/bin
PATH: /Users/heshamelabd/miniconda3/condabin
PATH: /usr/local/bin
PATH: /usr/bin
PATH: /bin
PATH: /usr/sbin
PATH: /sbin
PATH: /usr/local/share/dotnet
PATH: ~/.dotnet/tools
PATH: /Library/Frameworks/Mono.framework/Versions/Current/Commands


## ----------- ##
## Core tests. ##
## ----------- ##

configure:2450: checking for a BSD-compatible install
configure:2518: result: /usr/bin/install -c
configure:2529: checking whether build environment is sane
configure:2584: result: yes
configure:2735: checking for a thread-safe mkdir -p
configure:2774: result: config/install-sh -c -d
configure:2781: checking for gawk
configure:2811: result: no
configure:2781: checking for mawk
configure:2811: result: no
configure:2781: checking for nawk
configure:2811: result: no
configure:2781: checking for awk
configure:2797: found /usr/bin/awk
configure:2808: result: awk
configure:2819: checking whether make sets $(MAKE)
configure:2841: result: yes
configure:2870: checking whether make supports nested variables
configure:2887: result: yes
configure:3024: checking whether make supports nested variables
configure:3041: result: yes
configure:3103: checking for gcc
configure:3119: found /usr/bin/gcc
configure:3130: result: gcc
configure:3359: checking for C compiler version
configure:3368: gcc --version >&5
Apple clang version 12.0.0 (clang-1200.0.31.1)
Target: x86_64-apple-darwin19.6.0
Thread model: posix
InstalledDir: /Library/Developer/CommandLineTools/usr/bin
Configured with: --prefix=/Library/Developer/CommandLineTools/usr --with-gxx-include-dir=/Library/Developer/CommandLineTools/SDKs/MacOSX10.15.sdk/usr/include/c++/4.2.1
configure:3379: $? = 0
configure:3368: gcc -v >&5
Configured with: --prefix=/Library/Developer/CommandLineTools/usr --with-gxx-include-dir=/Library/Developer/CommandLineTools/SDKs/MacOSX10.15.sdk/usr/include/c++/4.2.1
Apple clang version 12.0.0 (clang-1200.0.31.1)
Target: x86_64-apple-darwin19.6.0
Thread model: posix
InstalledDir: /Library/Developer/CommandLineTools/usr/bin
configure:3379: $? = 0
configure:3368: gcc -V >&5
clang: error: argument to '-V' is missing (expected 1 value)
clang: error: no input files
configure:3379: $? = 1
configure:3368: gcc -qversion >&5
clang: error: unknown argument '-qversion'; did you mean '--version'?
clang: error: no input files
configure:3379: $? = 1
configure:3399: checking whether the C compiler works
configure:3421: gcc    conftest.c  >&5
configure:3425: $? = 0
configure:3473: result: yes
configure:3476: checking for C compiler default output file name
configure:3478: result: a.out
configure:3484: checking for suffix of executables
configure:3491: gcc -o conftest    conftest.c  >&5
configure:3495: $? = 0
configure:3517: result: 
configure:3539: checking whether we are cross compiling
configure:3547: gcc -o conftest    conftest.c  >&5
configure:3551: $? = 0
configure:3558: ./conftest
configure:3562: $? = 0
configure:3577: result: no
configure:3582: checking for suffix of object files
configure:3604: gcc -c   conftest.c >&5
configure:3608: $? = 0
configure:3629: result: o
configure:3633: checking whether we are using the GNU C compiler
configure:3652: gcc -c   conftest.c >&5
configure:3652: $? = 0
configure:3661: result: yes
configure:3670: checking whether gcc accepts -g
configure:3690: gcc -c -g  conftest.c >&5
configure:3690: $? = 0
configure:3731: result: yes
configure:3748: checking for gcc option to accept ISO C89
configure:3811: gcc  -c -g -O2  conftest.c >&5
configure:3811: $? = 0
configure:3824: result: none needed
configure:3849: checking whether gcc understands -c and -o together
configure:3871: gcc -c conftest.c -o conftest2.o
configure:3874: $? = 0
configure:3871: gcc -c conftest.c -o conftest2.o
configure:3874: $? = 0
configure:3886: result: yes
configure:3906: checking whether make supports the include directive
configure:3921: make -f confmf.GNU && cat confinc.out
this is the am__doit target
configure:3924: $? = 0
configure:3943: result: yes (GNU style)
configure:3968: checking dependency style of gcc
configure:4079: result: gcc3
configure:4095: checking whether gcc and cc understand -c and -o together
configure:4126: gcc -c conftest.c -o conftest2.o >&5
configure:4130: $? = 0
configure:4136: gcc -c conftest.c -o conftest2.o >&5
configure:4140: $? = 0
configure:4151: cc -c conftest.c >&5
configure:4155: $? = 0
configure:4163: cc -c conftest.c -o conftest2.o >&5
configure:4167: $? = 0
configure:4173: cc -c conftest.c -o conftest2.o >&5
configure:4177: $? = 0
configure:4195: result: yes
configure:4234: checking build system type
configure:4248: result: x86_64-apple-darwin19.6.0
configure:4268: checking host system type
configure:4281: result: x86_64-apple-darwin19.6.0
configure:4322: checking how to print strings
configure:4349: result: printf
configure:4370: checking for a sed that does not truncate output
configure:4434: result: /usr/bin/sed
configure:4452: checking for grep that handles long lines and -e
configure:4510: result: /usr/bin/grep
configure:4515: checking for egrep
configure:4577: result: /usr/bin/grep -E
configure:4582: checking for fgrep
configure:4644: result: /usr/bin/grep -F
configure:4679: checking for ld used by gcc
configure:4746: result: /Library/Developer/CommandLineTools/usr/bin/ld
configure:4753: checking if the linker (/Library/Developer/CommandLineTools/usr/bin/ld) is GNU ld
configure:4768: result: no
configure:4780: checking for BSD- or MS-compatible name lister (nm)
configure:4834: result: /usr/bin/nm -B
configure:4964: checking the name lister (/usr/bin/nm -B) interface
configure:4971: gcc -c -g -O2  conftest.c >&5
configure:4974: /usr/bin/nm -B "conftest.o"
configure:4977: output
000000000000022c S _some_variable
configure:4984: result: BSD nm
configure:4987: checking whether ln -s works
configure:4991: result: yes
configure:4999: checking the maximum length of command line arguments
configure:5130: result: 196608
configure:5178: checking how to convert x86_64-apple-darwin19.6.0 file names to x86_64-apple-darwin19.6.0 format
configure:5218: result: func_convert_file_noop
configure:5225: checking how to convert x86_64-apple-darwin19.6.0 file names to toolchain format
configure:5245: result: func_convert_file_noop
configure:5252: checking for /Library/Developer/CommandLineTools/usr/bin/ld option to reload object files
configure:5259: result: -r
configure:5333: checking for objdump
configure:5349: found /usr/bin/objdump
configure:5360: result: objdump
configure:5392: checking how to recognize dependent libraries
configure:5592: result: pass_all
configure:5677: checking for dlltool
configure:5707: result: no
configure:5737: checking how to associate runtime and link libraries
configure:5764: result: printf %s\n
configure:5825: checking for ar
configure:5841: found /usr/bin/ar
configure:5852: result: ar
configure:5889: checking for archiver @FILE support
configure:5906: gcc -c -g -O2  conftest.c >&5
configure:5906: $? = 0
configure:5909: ar cru libconftest.a @conftest.lst >&5
ar: @conftest.lst: No such file or directory
configure:5912: $? = 1
configure:5932: result: no
configure:5990: checking for strip
configure:6006: found /usr/bin/strip
configure:6017: result: strip
configure:6089: checking for ranlib
configure:6105: found /usr/bin/ranlib
configure:6116: result: ranlib
configure:6218: checking command to parse /usr/bin/nm -B output from gcc object
configure:6371: gcc -c -g -O2  conftest.c >&5
configure:6374: $? = 0
configure:6378: /usr/bin/nm -B conftest.o \| sed -n -e 's/^.*[ ]\([BCDEGRST][BCDEGRST]*\)[ ][ ]*\([_A-Za-z][_A-Za-z0-9]*\)$/\1 \2 \2/p' | sed '/ __gnu_lto/d' \> conftest.nm
configure:6381: $? = 0
cannot find nm_test_var in conftest.nm
configure:6371: gcc -c -g -O2  conftest.c >&5
configure:6374: $? = 0
configure:6378: /usr/bin/nm -B conftest.o \| sed -n -e 's/^.*[ ]\([BCDEGRST][BCDEGRST]*\)[ ][ ]*_\([_A-Za-z][_A-Za-z0-9]*\)$/\1 _\2 \2/p' | sed '/ __gnu_lto/d' \> conftest.nm
configure:6381: $? = 0
configure:6447: gcc -o conftest -g -O2   conftest.c conftstm.o >&5
warning: (x86_64)  could not find object file symbol for symbol _main
configure:6450: $? = 0
configure:6488: result: ok
configure:6535: checking for sysroot
configure:6565: result: no
configure:6572: checking for a working dd
configure:6610: result: /bin/dd
configure:6614: checking how to truncate binary pipes
configure:6629: result: /bin/dd bs=4096 count=1
configure:6958: checking for mt
configure:6988: result: no
configure:7008: checking if : is a manifest tool
configure:7014: : '-?'
configure:7022: result: no
configure:7078: checking for dsymutil
configure:7094: found /usr/bin/dsymutil
configure:7105: result: dsymutil
configure:7170: checking for nmedit
configure:7186: found /usr/bin/nmedit
configure:7197: result: nmedit
configure:7262: checking for lipo
configure:7278: found /usr/bin/lipo
configure:7289: result: lipo
configure:7354: checking for otool
configure:7370: found /usr/bin/otool
configure:7381: result: otool
configure:7446: checking for otool64
configure:7476: result: no
configure:7521: checking for -single_module linker flag
gcc -g -O2  -o libconftest.dylib -dynamiclib -Wl,-single_module conftest.c
configure:7554: result: yes
configure:7557: checking for -exported_symbols_list linker flag
configure:7577: gcc -o conftest -g -O2   -Wl,-exported_symbols_list,conftest.sym conftest.c  >&5
configure:7577: $? = 0
configure:7587: result: yes
configure:7590: checking for -force_load linker flag
gcc -g -O2 -c -o conftest.o conftest.c
ar cru libconftest.a conftest.o
ranlib libconftest.a
gcc -g -O2  -o conftest conftest.c -Wl,-force_load,./libconftest.a
configure:7622: result: yes
configure:7699: checking how to run the C preprocessor
configure:7730: gcc -E  conftest.c
configure:7730: $? = 0
configure:7744: gcc -E  conftest.c
conftest.c:11:10: fatal error: 'ac_nonexistent.h' file not found
#include <ac_nonexistent.h>
         ^~~~~~~~~~~~~~~~~~
1 error generated.
configure:7744: $? = 1
configure: failed program was:
| /* confdefs.h */
| #define PACKAGE_NAME "meme"
| #define PACKAGE_TARNAME "meme"
| #define PACKAGE_VERSION "5.1.1"
| #define PACKAGE_STRING "meme 5.1.1"
| #define PACKAGE_BUGREPORT ""
| #define PACKAGE_URL ""
| #define PACKAGE "meme"
| #define VERSION "5.1.1"
| /* end confdefs.h.  */
| #include <ac_nonexistent.h>
configure:7769: result: gcc -E
configure:7789: gcc -E  conftest.c
configure:7789: $? = 0
configure:7803: gcc -E  conftest.c
conftest.c:11:10: fatal error: 'ac_nonexistent.h' file not found
#include <ac_nonexistent.h>
         ^~~~~~~~~~~~~~~~~~
1 error generated.
configure:7803: $? = 1
configure: failed program was:
| /* confdefs.h */
| #define PACKAGE_NAME "meme"
| #define PACKAGE_TARNAME "meme"
| #define PACKAGE_VERSION "5.1.1"
| #define PACKAGE_STRING "meme 5.1.1"
| #define PACKAGE_BUGREPORT ""
| #define PACKAGE_URL ""
| #define PACKAGE "meme"
| #define VERSION "5.1.1"
| /* end confdefs.h.  */
| #include <ac_nonexistent.h>
configure:7832: checking for ANSI C header files
configure:7852: gcc -c -g -O2  conftest.c >&5
configure:7852: $? = 0
configure:7925: gcc -o conftest -g -O2   conftest.c  >&5
configure:7925: $? = 0
configure:7925: ./conftest
configure:7925: $? = 0
configure:7936: result: yes
configure:7949: checking for sys/types.h
configure:7949: gcc -c -g -O2  conftest.c >&5
configure:7949: $? = 0
configure:7949: result: yes
configure:7949: checking for sys/stat.h
configure:7949: gcc -c -g -O2  conftest.c >&5
configure:7949: $? = 0
configure:7949: result: yes
configure:7949: checking for stdlib.h
configure:7949: gcc -c -g -O2  conftest.c >&5
configure:7949: $? = 0
configure:7949: result: yes
configure:7949: checking for string.h
configure:7949: gcc -c -g -O2  conftest.c >&5
configure:7949: $? = 0
configure:7949: result: yes
configure:7949: checking for memory.h
configure:7949: gcc -c -g -O2  conftest.c >&5
configure:7949: $? = 0
configure:7949: result: yes
configure:7949: checking for strings.h
configure:7949: gcc -c -g -O2  conftest.c >&5
configure:7949: $? = 0
configure:7949: result: yes
configure:7949: checking for inttypes.h
configure:7949: gcc -c -g -O2  conftest.c >&5
configure:7949: $? = 0
configure:7949: result: yes
configure:7949: checking for stdint.h
configure:7949: gcc -c -g -O2  conftest.c >&5
configure:7949: $? = 0
configure:7949: result: yes
configure:7949: checking for unistd.h
configure:7949: gcc -c -g -O2  conftest.c >&5
configure:7949: $? = 0
configure:7949: result: yes
configure:7963: checking for dlfcn.h
configure:7963: gcc -c -g -O2  conftest.c >&5
configure:7963: $? = 0
configure:7963: result: yes
configure:8219: checking for objdir
configure:8234: result: .libs
configure:8498: checking if gcc supports -fno-rtti -fno-exceptions
configure:8516: gcc -c -g -O2  -fno-rtti -fno-exceptions conftest.c >&5
configure:8520: $? = 0
configure:8533: result: yes
configure:8891: checking for gcc option to produce PIC
configure:8898: result: -fno-common -DPIC
configure:8906: checking if gcc PIC flag -fno-common -DPIC works
configure:8924: gcc -c -g -O2  -fno-common -DPIC -DPIC conftest.c >&5
configure:8928: $? = 0
configure:8941: result: yes
configure:8970: checking if gcc static flag -static works
configure:8998: result: no
configure:9013: checking if gcc supports -c -o file.o
configure:9034: gcc -c -g -O2  -o out/conftest2.o conftest.c >&5
configure:9038: $? = 0
configure:9060: result: yes
configure:9068: checking if gcc supports -c -o file.o
configure:9115: result: yes
configure:9148: checking whether the gcc linker (/Library/Developer/CommandLineTools/usr/bin/ld) supports shared libraries
configure:10407: result: yes
configure:10647: checking dynamic linker characteristics
configure:11465: result: darwin19.6.0 dyld
configure:11587: checking how to hardcode library paths into programs
configure:11612: result: immediate
configure:12160: checking whether stripping libraries is possible
configure:12174: result: yes
configure:12200: checking if libtool supports shared libraries
configure:12202: result: yes
configure:12205: checking whether to build shared libraries
configure:12230: result: yes
configure:12233: checking whether to build static libraries
configure:12237: result: yes
configure:12275: checking whether make sets $(MAKE)
configure:12297: result: yes
configure:12308: checking for ld
configure:12338: result: /Library/Developer/CommandLineTools/usr/bin/ld
configure:12348: checking for sed
configure:12378: result: /usr/bin/sed
configure:12388: checking for sendmail
configure:12407: found /usr/sbin/sendmail
configure:12420: result: /usr/sbin/sendmail
configure:12430: checking for perl
configure:12448: found /usr/bin/perl
configure:12460: result: /usr/bin/perl
configure:12470: checking for convert
configure:12503: result: no
configure:12510: checking for gs
configure:12543: result: no
configure:12550: checking for xml2-config
configure:12568: found /usr/bin/xml2-config
configure:12580: result: /usr/bin/xml2-config
configure:12590: checking for xslt-config
configure:12608: found /usr/bin/xslt-config
configure:12620: result: /usr/bin/xslt-config
configure:12630: checking for ant
configure:12663: result: no
configure:12676: checking for isnan, sqrt, log, exp, fabs, pow, floor, ceil in -lm
configure:12701: gcc -o conftest -g -O2   conftest.c -lm   >&5
conftest.c:31:13: error: redefinition of 'sqrt' as different kind of symbol
char isnan, sqrt, log, exp, fabs, pow, floor, ceil ();
            ^
conftest.c:31:13: note: unguarded header; consider using #ifdef guards or #pragma once
conftest.c:31:13: note: previous definition is here
conftest.c:31:19: error: redefinition of 'log' as different kind of symbol
char isnan, sqrt, log, exp, fabs, pow, floor, ceil ();
                  ^
conftest.c:31:19: note: unguarded header; consider using #ifdef guards or #pragma once
conftest.c:31:19: note: previous definition is here
conftest.c:31:24: error: redefinition of 'exp' as different kind of symbol
char isnan, sqrt, log, exp, fabs, pow, floor, ceil ();
                       ^
conftest.c:31:24: note: unguarded header; consider using #ifdef guards or #pragma once
conftest.c:31:24: note: previous definition is here
conftest.c:31:29: error: redefinition of 'fabs' as different kind of symbol
char isnan, sqrt, log, exp, fabs, pow, floor, ceil ();
                            ^
conftest.c:31:29: note: unguarded header; consider using #ifdef guards or #pragma once
conftest.c:31:29: note: previous definition is here
conftest.c:31:35: error: redefinition of 'pow' as different kind of symbol
char isnan, sqrt, log, exp, fabs, pow, floor, ceil ();
                                  ^
conftest.c:31:35: note: unguarded header; consider using #ifdef guards or #pragma once
conftest.c:31:35: note: previous definition is here
conftest.c:31:40: error: redefinition of 'floor' as different kind of symbol
char isnan, sqrt, log, exp, fabs, pow, floor, ceil ();
                                       ^
conftest.c:31:40: note: unguarded header; consider using #ifdef guards or #pragma once
conftest.c:31:40: note: previous definition is here
conftest.c:31:47: warning: incompatible redeclaration of library function 'ceil' [-Wincompatible-library-redeclaration]
char isnan, sqrt, log, exp, fabs, pow, floor, ceil ();
                                              ^
conftest.c:31:47: note: 'ceil' is a builtin with type 'double (double)'
conftest.c:35:8: warning: expression result unused [-Wunused-value]
return isnan, sqrt, log, exp, fabs, pow, floor, ceil ();
       ^~~~~
conftest.c:35:15: warning: expression result unused [-Wunused-value]
return isnan, sqrt, log, exp, fabs, pow, floor, ceil ();
              ^~~~
conftest.c:35:21: warning: expression result unused [-Wunused-value]
return isnan, sqrt, log, exp, fabs, pow, floor, ceil ();
                    ^~~
conftest.c:35:26: warning: expression result unused [-Wunused-value]
return isnan, sqrt, log, exp, fabs, pow, floor, ceil ();
                         ^~~
conftest.c:35:31: warning: expression result unused [-Wunused-value]
return isnan, sqrt, log, exp, fabs, pow, floor, ceil ();
                              ^~~~
conftest.c:35:37: warning: expression result unused [-Wunused-value]
return isnan, sqrt, log, exp, fabs, pow, floor, ceil ();
                                    ^~~
conftest.c:35:42: warning: expression result unused [-Wunused-value]
return isnan, sqrt, log, exp, fabs, pow, floor, ceil ();
                                         ^~~~~
8 warnings and 6 errors generated.
configure:12701: $? = 1
configure: failed program was:
| /* confdefs.h */
| #define PACKAGE_NAME "meme"
| #define PACKAGE_TARNAME "meme"
| #define PACKAGE_VERSION "5.1.1"
| #define PACKAGE_STRING "meme 5.1.1"
| #define PACKAGE_BUGREPORT ""
| #define PACKAGE_URL ""
| #define PACKAGE "meme"
| #define VERSION "5.1.1"
| #define STDC_HEADERS 1
| #define HAVE_SYS_TYPES_H 1
| #define HAVE_SYS_STAT_H 1
| #define HAVE_STDLIB_H 1
| #define HAVE_STRING_H 1
| #define HAVE_MEMORY_H 1
| #define HAVE_STRINGS_H 1
| #define HAVE_INTTYPES_H 1
| #define HAVE_STDINT_H 1
| #define HAVE_UNISTD_H 1
| #define HAVE_DLFCN_H 1
| #define LT_OBJDIR ".libs/"
| #define HOSTNAME "Heshams-MBP.fritz.box"
| /* end confdefs.h.  */
| 
| /* Override any GCC internal prototype to avoid an error.
|    Use char because int might match the return type of a GCC
|    builtin and then its argument prototype would still apply.  */
| #ifdef __cplusplus
| extern "C"
| #endif
| char isnan, sqrt, log, exp, fabs, pow, floor, ceil ();
| int
| main ()
| {
| return isnan, sqrt, log, exp, fabs, pow, floor, ceil ();
|   ;
|   return 0;
| }
configure:12710: result: no
configure:12720: WARNING: Math library not found
configure:12724: checking for compress in -lz
configure:12749: gcc -o conftest -g -O2   conftest.c -lz   >&5
configure:12749: $? = 0
configure:12758: result: yes
configure:12774: checking for ANSI C header files
configure:12878: result: yes
configure:12886: checking for sys/wait.h that is POSIX.1 compatible
configure:12912: gcc -c -g -O2  conftest.c >&5
configure:12912: $? = 0
configure:12919: result: yes
configure:12930: checking arpa/inet.h usability
configure:12930: gcc -c -g -O2  conftest.c >&5
configure:12930: $? = 0
configure:12930: result: yes
configure:12930: checking arpa/inet.h presence
configure:12930: gcc -E  conftest.c
configure:12930: $? = 0
configure:12930: result: yes
configure:12930: checking for arpa/inet.h
configure:12930: result: yes
configure:12930: checking ctype.h usability
configure:12930: gcc -c -g -O2  conftest.c >&5
configure:12930: $? = 0
configure:12930: result: yes
configure:12930: checking ctype.h presence
configure:12930: gcc -E  conftest.c
configure:12930: $? = 0
configure:12930: result: yes
configure:12930: checking for ctype.h
configure:12930: result: yes
configure:12930: checking fcntl.h usability
configure:12930: gcc -c -g -O2  conftest.c >&5
configure:12930: $? = 0
configure:12930: result: yes
configure:12930: checking fcntl.h presence
configure:12930: gcc -E  conftest.c
configure:12930: $? = 0
configure:12930: result: yes
configure:12930: checking for fcntl.h
configure:12930: result: yes
configure:12930: checking limits.h usability
configure:12930: gcc -c -g -O2  conftest.c >&5
configure:12930: $? = 0
configure:12930: result: yes
configure:12930: checking limits.h presence
configure:12930: gcc -E  conftest.c
configure:12930: $? = 0
configure:12930: result: yes
configure:12930: checking for limits.h
configure:12930: result: yes
configure:12930: checking netdb.h usability
configure:12930: gcc -c -g -O2  conftest.c >&5
configure:12930: $? = 0
configure:12930: result: yes
configure:12930: checking netdb.h presence
configure:12930: gcc -E  conftest.c
configure:12930: $? = 0
configure:12930: result: yes
configure:12930: checking for netdb.h
configure:12930: result: yes
configure:12930: checking netinet/in.h usability
configure:12930: gcc -c -g -O2  conftest.c >&5
configure:12930: $? = 0
configure:12930: result: yes
configure:12930: checking netinet/in.h presence
configure:12930: gcc -E  conftest.c
configure:12930: $? = 0
configure:12930: result: yes
configure:12930: checking for netinet/in.h
configure:12930: result: yes
configure:12930: checking for stdlib.h
configure:12930: result: yes
configure:12930: checking for string.h
configure:12930: result: yes
configure:12930: checking for strings.h
configure:12930: result: yes
configure:12930: checking sys/socket.h usability
configure:12930: gcc -c -g -O2  conftest.c >&5
configure:12930: $? = 0
configure:12930: result: yes
configure:12930: checking sys/socket.h presence
configure:12930: gcc -E  conftest.c
configure:12930: $? = 0
configure:12930: result: yes
configure:12930: checking for sys/socket.h
configure:12930: result: yes
configure:12930: checking sys/time.h usability
configure:12930: gcc -c -g -O2  conftest.c >&5
configure:12930: $? = 0
configure:12930: result: yes
configure:12930: checking sys/time.h presence
configure:12930: gcc -E  conftest.c
configure:12930: $? = 0
configure:12930: result: yes
configure:12930: checking for sys/time.h
configure:12930: result: yes
configure:12930: checking for unistd.h
configure:12930: result: yes
configure:12942: checking for an ANSI C-conforming const
configure:13008: gcc -c -g -O2  conftest.c >&5
configure:13008: $? = 0
configure:13015: result: yes
configure:13023: checking for stdbool.h that conforms to C99
configure:13090: gcc -c -g -O2  conftest.c >&5
conftest.c:88:24: warning: address of 's' will always evaluate to 'true' [-Wpointer-bool-conversion]
             bool e = &s;
                  ~    ^
conftest.c:92:23: warning: address of array 'a' will always evaluate to 'true' [-Wpointer-bool-conversion]
             return (!a + !b + !c + !d + !e + !f + !g + !h + !i + !!j + !k + !!l
                     ~^
conftest.c:92:28: warning: address of array 'b' will always evaluate to 'true' [-Wpointer-bool-conversion]
             return (!a + !b + !c + !d + !e + !f + !g + !h + !i + !!j + !k + !!l
                          ~^
conftest.c:92:33: warning: address of array 'c' will always evaluate to 'true' [-Wpointer-bool-conversion]
             return (!a + !b + !c + !d + !e + !f + !g + !h + !i + !!j + !k + !!l
                               ~^
conftest.c:92:38: warning: address of array 'd' will always evaluate to 'true' [-Wpointer-bool-conversion]
             return (!a + !b + !c + !d + !e + !f + !g + !h + !i + !!j + !k + !!l
                                    ~^
conftest.c:92:48: warning: address of array 'f' will always evaluate to 'true' [-Wpointer-bool-conversion]
             return (!a + !b + !c + !d + !e + !f + !g + !h + !i + !!j + !k + !!l
                                              ~^
conftest.c:92:53: warning: address of array 'g' will always evaluate to 'true' [-Wpointer-bool-conversion]
             return (!a + !b + !c + !d + !e + !f + !g + !h + !i + !!j + !k + !!l
                                                   ~^
conftest.c:92:58: warning: address of array 'h' will always evaluate to 'true' [-Wpointer-bool-conversion]
             return (!a + !b + !c + !d + !e + !f + !g + !h + !i + !!j + !k + !!l
                                                        ~^
conftest.c:92:63: warning: address of array 'i' will always evaluate to 'true' [-Wpointer-bool-conversion]
             return (!a + !b + !c + !d + !e + !f + !g + !h + !i + !!j + !k + !!l
                                                             ~^
conftest.c:93:30: warning: address of array 'n' will always evaluate to 'true' [-Wpointer-bool-conversion]
                            ~^
conftest.c:93:35: warning: address of array 'o' will always evaluate to 'true' [-Wpointer-bool-conversion]
                                 ~^
conftest.c:93:40: warning: address of array 'p' will always evaluate to 'true' [-Wpointer-bool-conversion]
                                      ~^
12 warnings generated.
configure:13090: $? = 0
configure:13097: result: yes
configure:13099: checking for _Bool
configure:13099: gcc -c -g -O2  conftest.c >&5
configure:13099: $? = 0
configure:13099: gcc -c -g -O2  conftest.c >&5
conftest.c:75:20: error: expected expression
if (sizeof ((_Bool)))
                   ^
1 error generated.
configure:13099: $? = 1
configure: failed program was:
| /* confdefs.h */
| #define PACKAGE_NAME "meme"
| #define PACKAGE_TARNAME "meme"
| #define PACKAGE_VERSION "5.1.1"
| #define PACKAGE_STRING "meme 5.1.1"
| #define PACKAGE_BUGREPORT ""
| #define PACKAGE_URL ""
| #define PACKAGE "meme"
| #define VERSION "5.1.1"
| #define STDC_HEADERS 1
| #define HAVE_SYS_TYPES_H 1
| #define HAVE_SYS_STAT_H 1
| #define HAVE_STDLIB_H 1
| #define HAVE_STRING_H 1
| #define HAVE_MEMORY_H 1
| #define HAVE_STRINGS_H 1
| #define HAVE_INTTYPES_H 1
| #define HAVE_STDINT_H 1
| #define HAVE_UNISTD_H 1
| #define HAVE_DLFCN_H 1
| #define LT_OBJDIR ".libs/"
| #define HOSTNAME "Heshams-MBP.fritz.box"
| #define HAVE_LIBZ 1
| #define STDC_HEADERS 1
| #define HAVE_SYS_WAIT_H 1
| #define HAVE_ARPA_INET_H 1
| #define HAVE_CTYPE_H 1
| #define HAVE_FCNTL_H 1
| #define HAVE_LIMITS_H 1
| #define HAVE_NETDB_H 1
| #define HAVE_NETINET_IN_H 1
| #define HAVE_STDLIB_H 1
| #define HAVE_STRING_H 1
| #define HAVE_STRINGS_H 1
| #define HAVE_SYS_SOCKET_H 1
| #define HAVE_SYS_TIME_H 1
| #define HAVE_UNISTD_H 1
| /* end confdefs.h.  */
| #include <stdio.h>
| #ifdef HAVE_SYS_TYPES_H
| # include <sys/types.h>
| #endif
| #ifdef HAVE_SYS_STAT_H
| # include <sys/stat.h>
| #endif
| #ifdef STDC_HEADERS
| # include <stdlib.h>
| # include <stddef.h>
| #else
| # ifdef HAVE_STDLIB_H
| #  include <stdlib.h>
| # endif
| #endif
| #ifdef HAVE_STRING_H
| # if !defined STDC_HEADERS && defined HAVE_MEMORY_H
| #  include <memory.h>
| # endif
| # include <string.h>
| #endif
| #ifdef HAVE_STRINGS_H
| # include <strings.h>
| #endif
| #ifdef HAVE_INTTYPES_H
| # include <inttypes.h>
| #endif
| #ifdef HAVE_STDINT_H
| # include <stdint.h>
| #endif
| #ifdef HAVE_UNISTD_H
| # include <unistd.h>
| #endif
| int
| main ()
| {
| if (sizeof ((_Bool)))
| 	    return 0;
|   ;
|   return 0;
| }
configure:13099: result: yes
configure:13116: checking for pid_t
configure:13116: gcc -c -g -O2  conftest.c >&5
configure:13116: $? = 0
configure:13116: gcc -c -g -O2  conftest.c >&5
conftest.c:77:20: error: expected expression
if (sizeof ((pid_t)))
                   ^
1 error generated.
configure:13116: $? = 1
configure: failed program was:
| /* confdefs.h */
| #define PACKAGE_NAME "meme"
| #define PACKAGE_TARNAME "meme"
| #define PACKAGE_VERSION "5.1.1"
| #define PACKAGE_STRING "meme 5.1.1"
| #define PACKAGE_BUGREPORT ""
| #define PACKAGE_URL ""
| #define PACKAGE "meme"
| #define VERSION "5.1.1"
| #define STDC_HEADERS 1
| #define HAVE_SYS_TYPES_H 1
| #define HAVE_SYS_STAT_H 1
| #define HAVE_STDLIB_H 1
| #define HAVE_STRING_H 1
| #define HAVE_MEMORY_H 1
| #define HAVE_STRINGS_H 1
| #define HAVE_INTTYPES_H 1
| #define HAVE_STDINT_H 1
| #define HAVE_UNISTD_H 1
| #define HAVE_DLFCN_H 1
| #define LT_OBJDIR ".libs/"
| #define HOSTNAME "Heshams-MBP.fritz.box"
| #define HAVE_LIBZ 1
| #define STDC_HEADERS 1
| #define HAVE_SYS_WAIT_H 1
| #define HAVE_ARPA_INET_H 1
| #define HAVE_CTYPE_H 1
| #define HAVE_FCNTL_H 1
| #define HAVE_LIMITS_H 1
| #define HAVE_NETDB_H 1
| #define HAVE_NETINET_IN_H 1
| #define HAVE_STDLIB_H 1
| #define HAVE_STRING_H 1
| #define HAVE_STRINGS_H 1
| #define HAVE_SYS_SOCKET_H 1
| #define HAVE_SYS_TIME_H 1
| #define HAVE_UNISTD_H 1
| #define HAVE__BOOL 1
| #define HAVE_STDBOOL_H 1
| /* end confdefs.h.  */
| #include <stdio.h>
| #ifdef HAVE_SYS_TYPES_H
| # include <sys/types.h>
| #endif
| #ifdef HAVE_SYS_STAT_H
| # include <sys/stat.h>
| #endif
| #ifdef STDC_HEADERS
| # include <stdlib.h>
| # include <stddef.h>
| #else
| # ifdef HAVE_STDLIB_H
| #  include <stdlib.h>
| # endif
| #endif
| #ifdef HAVE_STRING_H
| # if !defined STDC_HEADERS && defined HAVE_MEMORY_H
| #  include <memory.h>
| # endif
| # include <string.h>
| #endif
| #ifdef HAVE_STRINGS_H
| # include <strings.h>
| #endif
| #ifdef HAVE_INTTYPES_H
| # include <inttypes.h>
| #endif
| #ifdef HAVE_STDINT_H
| # include <stdint.h>
| #endif
| #ifdef HAVE_UNISTD_H
| # include <unistd.h>
| #endif
| int
| main ()
| {
| if (sizeof ((pid_t)))
| 	    return 0;
|   ;
|   return 0;
| }
configure:13116: result: yes
configure:13127: checking for size_t
configure:13127: gcc -c -g -O2  conftest.c >&5
configure:13127: $? = 0
configure:13127: gcc -c -g -O2  conftest.c >&5
conftest.c:77:21: error: expected expression
if (sizeof ((size_t)))
                    ^
1 error generated.
configure:13127: $? = 1
configure: failed program was:
| /* confdefs.h */
| #define PACKAGE_NAME "meme"
| #define PACKAGE_TARNAME "meme"
| #define PACKAGE_VERSION "5.1.1"
| #define PACKAGE_STRING "meme 5.1.1"
| #define PACKAGE_BUGREPORT ""
| #define PACKAGE_URL ""
| #define PACKAGE "meme"
| #define VERSION "5.1.1"
| #define STDC_HEADERS 1
| #define HAVE_SYS_TYPES_H 1
| #define HAVE_SYS_STAT_H 1
| #define HAVE_STDLIB_H 1
| #define HAVE_STRING_H 1
| #define HAVE_MEMORY_H 1
| #define HAVE_STRINGS_H 1
| #define HAVE_INTTYPES_H 1
| #define HAVE_STDINT_H 1
| #define HAVE_UNISTD_H 1
| #define HAVE_DLFCN_H 1
| #define LT_OBJDIR ".libs/"
| #define HOSTNAME "Heshams-MBP.fritz.box"
| #define HAVE_LIBZ 1
| #define STDC_HEADERS 1
| #define HAVE_SYS_WAIT_H 1
| #define HAVE_ARPA_INET_H 1
| #define HAVE_CTYPE_H 1
| #define HAVE_FCNTL_H 1
| #define HAVE_LIMITS_H 1
| #define HAVE_NETDB_H 1
| #define HAVE_NETINET_IN_H 1
| #define HAVE_STDLIB_H 1
| #define HAVE_STRING_H 1
| #define HAVE_STRINGS_H 1
| #define HAVE_SYS_SOCKET_H 1
| #define HAVE_SYS_TIME_H 1
| #define HAVE_UNISTD_H 1
| #define HAVE__BOOL 1
| #define HAVE_STDBOOL_H 1
| /* end confdefs.h.  */
| #include <stdio.h>
| #ifdef HAVE_SYS_TYPES_H
| # include <sys/types.h>
| #endif
| #ifdef HAVE_SYS_STAT_H
| # include <sys/stat.h>
| #endif
| #ifdef STDC_HEADERS
| # include <stdlib.h>
| # include <stddef.h>
| #else
| # ifdef HAVE_STDLIB_H
| #  include <stdlib.h>
| # endif
| #endif
| #ifdef HAVE_STRING_H
| # if !defined STDC_HEADERS && defined HAVE_MEMORY_H
| #  include <memory.h>
| # endif
| # include <string.h>
| #endif
| #ifdef HAVE_STRINGS_H
| # include <strings.h>
| #endif
| #ifdef HAVE_INTTYPES_H
| # include <inttypes.h>
| #endif
| #ifdef HAVE_STDINT_H
| # include <stdint.h>
| #endif
| #ifdef HAVE_UNISTD_H
| # include <unistd.h>
| #endif
| int
| main ()
| {
| if (sizeof ((size_t)))
| 	    return 0;
|   ;
|   return 0;
| }
configure:13127: result: yes
configure:13142: checking vfork.h usability
configure:13142: gcc -c -g -O2  conftest.c >&5
conftest.c:74:10: fatal error: 'vfork.h' file not found
#include <vfork.h>
         ^~~~~~~~~
1 error generated.
configure:13142: $? = 1
configure: failed program was:
| /* confdefs.h */
| #define PACKAGE_NAME "meme"
| #define PACKAGE_TARNAME "meme"
| #define PACKAGE_VERSION "5.1.1"
| #define PACKAGE_STRING "meme 5.1.1"
| #define PACKAGE_BUGREPORT ""
| #define PACKAGE_URL ""
| #define PACKAGE "meme"
| #define VERSION "5.1.1"
| #define STDC_HEADERS 1
| #define HAVE_SYS_TYPES_H 1
| #define HAVE_SYS_STAT_H 1
| #define HAVE_STDLIB_H 1
| #define HAVE_STRING_H 1
| #define HAVE_MEMORY_H 1
| #define HAVE_STRINGS_H 1
| #define HAVE_INTTYPES_H 1
| #define HAVE_STDINT_H 1
| #define HAVE_UNISTD_H 1
| #define HAVE_DLFCN_H 1
| #define LT_OBJDIR ".libs/"
| #define HOSTNAME "Heshams-MBP.fritz.box"
| #define HAVE_LIBZ 1
| #define STDC_HEADERS 1
| #define HAVE_SYS_WAIT_H 1
| #define HAVE_ARPA_INET_H 1
| #define HAVE_CTYPE_H 1
| #define HAVE_FCNTL_H 1
| #define HAVE_LIMITS_H 1
| #define HAVE_NETDB_H 1
| #define HAVE_NETINET_IN_H 1
| #define HAVE_STDLIB_H 1
| #define HAVE_STRING_H 1
| #define HAVE_STRINGS_H 1
| #define HAVE_SYS_SOCKET_H 1
| #define HAVE_SYS_TIME_H 1
| #define HAVE_UNISTD_H 1
| #define HAVE__BOOL 1
| #define HAVE_STDBOOL_H 1
| /* end confdefs.h.  */
| #include <stdio.h>
| #ifdef HAVE_SYS_TYPES_H
| # include <sys/types.h>
| #endif
| #ifdef HAVE_SYS_STAT_H
| # include <sys/stat.h>
| #endif
| #ifdef STDC_HEADERS
| # include <stdlib.h>
| # include <stddef.h>
| #else
| # ifdef HAVE_STDLIB_H
| #  include <stdlib.h>
| # endif
| #endif
| #ifdef HAVE_STRING_H
| # if !defined STDC_HEADERS && defined HAVE_MEMORY_H
| #  include <memory.h>
| # endif
| # include <string.h>
| #endif
| #ifdef HAVE_STRINGS_H
| # include <strings.h>
| #endif
| #ifdef HAVE_INTTYPES_H
| # include <inttypes.h>
| #endif
| #ifdef HAVE_STDINT_H
| # include <stdint.h>
| #endif
| #ifdef HAVE_UNISTD_H
| # include <unistd.h>
| #endif
| #include <vfork.h>
configure:13142: result: no
configure:13142: checking vfork.h presence
configure:13142: gcc -E  conftest.c
conftest.c:41:10: fatal error: 'vfork.h' file not found
#include <vfork.h>
         ^~~~~~~~~
1 error generated.
configure:13142: $? = 1
configure: failed program was:
| /* confdefs.h */
| #define PACKAGE_NAME "meme"
| #define PACKAGE_TARNAME "meme"
| #define PACKAGE_VERSION "5.1.1"
| #define PACKAGE_STRING "meme 5.1.1"
| #define PACKAGE_BUGREPORT ""
| #define PACKAGE_URL ""
| #define PACKAGE "meme"
| #define VERSION "5.1.1"
| #define STDC_HEADERS 1
| #define HAVE_SYS_TYPES_H 1
| #define HAVE_SYS_STAT_H 1
| #define HAVE_STDLIB_H 1
| #define HAVE_STRING_H 1
| #define HAVE_MEMORY_H 1
| #define HAVE_STRINGS_H 1
| #define HAVE_INTTYPES_H 1
| #define HAVE_STDINT_H 1
| #define HAVE_UNISTD_H 1
| #define HAVE_DLFCN_H 1
| #define LT_OBJDIR ".libs/"
| #define HOSTNAME "Heshams-MBP.fritz.box"
| #define HAVE_LIBZ 1
| #define STDC_HEADERS 1
| #define HAVE_SYS_WAIT_H 1
| #define HAVE_ARPA_INET_H 1
| #define HAVE_CTYPE_H 1
| #define HAVE_FCNTL_H 1
| #define HAVE_LIMITS_H 1
| #define HAVE_NETDB_H 1
| #define HAVE_NETINET_IN_H 1
| #define HAVE_STDLIB_H 1
| #define HAVE_STRING_H 1
| #define HAVE_STRINGS_H 1
| #define HAVE_SYS_SOCKET_H 1
| #define HAVE_SYS_TIME_H 1
| #define HAVE_UNISTD_H 1
| #define HAVE__BOOL 1
| #define HAVE_STDBOOL_H 1
| /* end confdefs.h.  */
| #include <vfork.h>
configure:13142: result: no
configure:13142: checking for vfork.h
configure:13142: result: no
configure:13155: checking for fork
configure:13155: gcc -o conftest -g -O2   conftest.c -lz  >&5
configure:13155: $? = 0
configure:13155: result: yes
configure:13155: checking for vfork
configure:13155: gcc -o conftest -g -O2   conftest.c -lz  >&5
conftest.c:65:6: warning: incompatible redeclaration of library function 'vfork' [-Wincompatible-library-redeclaration]
char vfork ();
     ^
conftest.c:65:6: note: 'vfork' is a builtin with type 'int (void)'
1 warning generated.
configure:13155: $? = 0
configure:13155: result: yes
configure:13165: checking for working fork
configure:13187: gcc -o conftest -g -O2   conftest.c -lz  >&5
configure:13187: $? = 0
configure:13187: ./conftest
configure:13187: $? = 0
configure:13197: result: yes
configure:13218: checking for working vfork
configure:13328: result: yes
configure:13355: checking for stdlib.h
configure:13355: result: yes
configure:13365: checking for GNU libc compatible malloc
configure:13389: gcc -o conftest -g -O2   conftest.c -lz  >&5
configure:13389: $? = 0
configure:13389: ./conftest
configure:13389: $? = 0
configure:13399: result: yes
configure:13422: checking for stdlib.h
configure:13422: result: yes
configure:13432: checking for GNU libc compatible realloc
configure:13456: gcc -o conftest -g -O2   conftest.c -lz  >&5
configure:13456: $? = 0
configure:13456: ./conftest
configure:13456: $? = 0
configure:13466: result: yes
configure:13487: checking return type of signal handlers
configure:13505: gcc -c -g -O2  conftest.c >&5
conftest.c:55:8: error: indirection requires pointer operand ('void' invalid)
return *(signal (0, 0)) (0) == 1;
       ^~~~~~~~~~~~~~~~~~~~
1 error generated.
configure:13505: $? = 1
configure: failed program was:
| /* confdefs.h */
| #define PACKAGE_NAME "meme"
| #define PACKAGE_TARNAME "meme"
| #define PACKAGE_VERSION "5.1.1"
| #define PACKAGE_STRING "meme 5.1.1"
| #define PACKAGE_BUGREPORT ""
| #define PACKAGE_URL ""
| #define PACKAGE "meme"
| #define VERSION "5.1.1"
| #define STDC_HEADERS 1
| #define HAVE_SYS_TYPES_H 1
| #define HAVE_SYS_STAT_H 1
| #define HAVE_STDLIB_H 1
| #define HAVE_STRING_H 1
| #define HAVE_MEMORY_H 1
| #define HAVE_STRINGS_H 1
| #define HAVE_INTTYPES_H 1
| #define HAVE_STDINT_H 1
| #define HAVE_UNISTD_H 1
| #define HAVE_DLFCN_H 1
| #define LT_OBJDIR ".libs/"
| #define HOSTNAME "Heshams-MBP.fritz.box"
| #define HAVE_LIBZ 1
| #define STDC_HEADERS 1
| #define HAVE_SYS_WAIT_H 1
| #define HAVE_ARPA_INET_H 1
| #define HAVE_CTYPE_H 1
| #define HAVE_FCNTL_H 1
| #define HAVE_LIMITS_H 1
| #define HAVE_NETDB_H 1
| #define HAVE_NETINET_IN_H 1
| #define HAVE_STDLIB_H 1
| #define HAVE_STRING_H 1
| #define HAVE_STRINGS_H 1
| #define HAVE_SYS_SOCKET_H 1
| #define HAVE_SYS_TIME_H 1
| #define HAVE_UNISTD_H 1
| #define HAVE__BOOL 1
| #define HAVE_STDBOOL_H 1
| #define HAVE_FORK 1
| #define HAVE_VFORK 1
| #define HAVE_WORKING_VFORK 1
| #define HAVE_WORKING_FORK 1
| #define HAVE_STDLIB_H 1
| #define HAVE_MALLOC 1
| #define HAVE_STDLIB_H 1
| #define HAVE_REALLOC 1
| /* end confdefs.h.  */
| #include <sys/types.h>
| #include <signal.h>
| 
| int
| main ()
| {
| return *(signal (0, 0)) (0) == 1;
|   ;
|   return 0;
| }
configure:13512: result: void
configure:13520: checking whether lstat correctly handles trailing slash
configure:13546: gcc -o conftest -g -O2   conftest.c -lz  >&5
configure:13546: $? = 0
configure:13546: ./conftest
configure:13546: $? = 1
configure: program exited with status 1
configure: failed program was:
| /* confdefs.h */
| #define PACKAGE_NAME "meme"
| #define PACKAGE_TARNAME "meme"
| #define PACKAGE_VERSION "5.1.1"
| #define PACKAGE_STRING "meme 5.1.1"
| #define PACKAGE_BUGREPORT ""
| #define PACKAGE_URL ""
| #define PACKAGE "meme"
| #define VERSION "5.1.1"
| #define STDC_HEADERS 1
| #define HAVE_SYS_TYPES_H 1
| #define HAVE_SYS_STAT_H 1
| #define HAVE_STDLIB_H 1
| #define HAVE_STRING_H 1
| #define HAVE_MEMORY_H 1
| #define HAVE_STRINGS_H 1
| #define HAVE_INTTYPES_H 1
| #define HAVE_STDINT_H 1
| #define HAVE_UNISTD_H 1
| #define HAVE_DLFCN_H 1
| #define LT_OBJDIR ".libs/"
| #define HOSTNAME "Heshams-MBP.fritz.box"
| #define HAVE_LIBZ 1
| #define STDC_HEADERS 1
| #define HAVE_SYS_WAIT_H 1
| #define HAVE_ARPA_INET_H 1
| #define HAVE_CTYPE_H 1
| #define HAVE_FCNTL_H 1
| #define HAVE_LIMITS_H 1
| #define HAVE_NETDB_H 1
| #define HAVE_NETINET_IN_H 1
| #define HAVE_STDLIB_H 1
| #define HAVE_STRING_H 1
| #define HAVE_STRINGS_H 1
| #define HAVE_SYS_SOCKET_H 1
| #define HAVE_SYS_TIME_H 1
| #define HAVE_UNISTD_H 1
| #define HAVE__BOOL 1
| #define HAVE_STDBOOL_H 1
| #define HAVE_FORK 1
| #define HAVE_VFORK 1
| #define HAVE_WORKING_VFORK 1
| #define HAVE_WORKING_FORK 1
| #define HAVE_STDLIB_H 1
| #define HAVE_MALLOC 1
| #define HAVE_STDLIB_H 1
| #define HAVE_REALLOC 1
| #define RETSIGTYPE void
| /* end confdefs.h.  */
| #include <stdio.h>
| #ifdef HAVE_SYS_TYPES_H
| # include <sys/types.h>
| #endif
| #ifdef HAVE_SYS_STAT_H
| # include <sys/stat.h>
| #endif
| #ifdef STDC_HEADERS
| # include <stdlib.h>
| # include <stddef.h>
| #else
| # ifdef HAVE_STDLIB_H
| #  include <stdlib.h>
| # endif
| #endif
| #ifdef HAVE_STRING_H
| # if !defined STDC_HEADERS && defined HAVE_MEMORY_H
| #  include <memory.h>
| # endif
| # include <string.h>
| #endif
| #ifdef HAVE_STRINGS_H
| # include <strings.h>
| #endif
| #ifdef HAVE_INTTYPES_H
| # include <inttypes.h>
| #endif
| #ifdef HAVE_STDINT_H
| # include <stdint.h>
| #endif
| #ifdef HAVE_UNISTD_H
| # include <unistd.h>
| #endif
| int
| main ()
| {
| struct stat sbuf;
|      /* Linux will dereference the symlink and fail, as required by POSIX.
| 	That is better in the sense that it means we will not
| 	have to compile and use the lstat wrapper.  */
|      return lstat ("conftest.sym/", &sbuf) == 0;
|   ;
|   return 0;
| }
configure:13563: result: no
configure:13582: checking whether stat accepts an empty string
configure:13602: gcc -o conftest -g -O2   conftest.c -lz  >&5
configure:13602: $? = 0
configure:13602: ./conftest
configure:13602: $? = 0
configure:13612: result: no
configure:13631: checking for floor
configure:13631: gcc -o conftest -g -O2   conftest.c -lz  >&5
conftest.c:73:6: warning: incompatible redeclaration of library function 'floor' [-Wincompatible-library-redeclaration]
char floor ();
     ^
conftest.c:73:6: note: 'floor' is a builtin with type 'double (double)'
1 warning generated.
configure:13631: $? = 0
configure:13631: result: yes
configure:13631: checking for getcwd
configure:13631: gcc -o conftest -g -O2   conftest.c -lz  >&5
configure:13631: $? = 0
configure:13631: result: yes
configure:13631: checking for gethostbyname
configure:13631: gcc -o conftest -g -O2   conftest.c -lz  >&5
configure:13631: $? = 0
configure:13631: result: yes
configure:13631: checking for isascii
configure:13631: gcc -o conftest -g -O2   conftest.c -lz  >&5
configure:13631: $? = 0
configure:13631: result: yes
configure:13631: checking for memset
configure:13631: gcc -o conftest -g -O2   conftest.c -lz  >&5
conftest.c:77:6: warning: incompatible redeclaration of library function 'memset' [-Wincompatible-library-redeclaration]
char memset ();
     ^
conftest.c:77:6: note: 'memset' is a builtin with type 'void *(void *, int, unsigned long)'
1 warning generated.
configure:13631: $? = 0
configure:13631: result: yes
configure:13631: checking for pow
configure:13631: gcc -o conftest -g -O2   conftest.c -lz  >&5
conftest.c:78:6: warning: incompatible redeclaration of library function 'pow' [-Wincompatible-library-redeclaration]
char pow ();
     ^
conftest.c:78:6: note: 'pow' is a builtin with type 'double (double, double)'
1 warning generated.
configure:13631: $? = 0
configure:13631: result: yes
configure:13631: checking for rint
configure:13631: gcc -o conftest -g -O2   conftest.c -lz  >&5
conftest.c:79:6: warning: incompatible redeclaration of library function 'rint' [-Wincompatible-library-redeclaration]
char rint ();
     ^
conftest.c:79:6: note: 'rint' is a builtin with type 'double (double)'
1 warning generated.
configure:13631: $? = 0
configure:13631: result: yes
configure:13631: checking for socket
configure:13631: gcc -o conftest -g -O2   conftest.c -lz  >&5
configure:13631: $? = 0
configure:13631: result: yes
configure:13631: checking for sqrt
configure:13631: gcc -o conftest -g -O2   conftest.c -lz  >&5
conftest.c:81:6: warning: incompatible redeclaration of library function 'sqrt' [-Wincompatible-library-redeclaration]
char sqrt ();
     ^
conftest.c:81:6: note: 'sqrt' is a builtin with type 'double (double)'
1 warning generated.
configure:13631: $? = 0
configure:13631: result: yes
configure:13631: checking for strchr
configure:13631: gcc -o conftest -g -O2   conftest.c -lz  >&5
conftest.c:82:6: warning: incompatible redeclaration of library function 'strchr' [-Wincompatible-library-redeclaration]
char strchr ();
     ^
conftest.c:82:6: note: 'strchr' is a builtin with type 'char *(const char *, int)'
1 warning generated.
configure:13631: $? = 0
configure:13631: result: yes
configure:13631: checking for strcspn
configure:13631: gcc -o conftest -g -O2   conftest.c -lz  >&5
conftest.c:83:6: warning: incompatible redeclaration of library function 'strcspn' [-Wincompatible-library-redeclaration]
char strcspn ();
     ^
conftest.c:83:6: note: 'strcspn' is a builtin with type 'unsigned long (const char *, const char *)'
1 warning generated.
configure:13631: $? = 0
configure:13631: result: yes
configure:13631: checking for strdup
configure:13631: gcc -o conftest -g -O2   conftest.c -lz  >&5
conftest.c:84:6: warning: incompatible redeclaration of library function 'strdup' [-Wincompatible-library-redeclaration]
char strdup ();
     ^
conftest.c:84:6: note: 'strdup' is a builtin with type 'char *(const char *)'
1 warning generated.
configure:13631: $? = 0
configure:13631: result: yes
configure:13631: checking for strspn
configure:13631: gcc -o conftest -g -O2   conftest.c -lz  >&5
conftest.c:85:6: warning: incompatible redeclaration of library function 'strspn' [-Wincompatible-library-redeclaration]
char strspn ();
     ^
conftest.c:85:6: note: 'strspn' is a builtin with type 'unsigned long (const char *, const char *)'
1 warning generated.
configure:13631: $? = 0
configure:13631: result: yes
configure:13631: checking for strstr
configure:13631: gcc -o conftest -g -O2   conftest.c -lz  >&5
conftest.c:86:6: warning: incompatible redeclaration of library function 'strstr' [-Wincompatible-library-redeclaration]
char strstr ();
     ^
conftest.c:86:6: note: 'strstr' is a builtin with type 'char *(const char *, const char *)'
1 warning generated.
configure:13631: $? = 0
configure:13631: result: yes
configure:13642: checking for strlcpy
configure:13642: gcc -o conftest -g -O2   conftest.c -lz  >&5
conftest.c:87:6: warning: incompatible redeclaration of library function 'strlcpy' [-Wincompatible-library-redeclaration]
char strlcpy ();
     ^
conftest.c:87:6: note: 'strlcpy' is a builtin with type 'unsigned long (char *, const char *, unsigned long)'
1 warning generated.
configure:13642: $? = 0
configure:13642: result: yes
configure:14117: checking for mpicc
configure:14150: result: no
configure:14117: checking for openmpicc
configure:14150: result: no
configure:14117: checking for mpcc
configure:14150: result: no
configure:14162: checking for mpirun
configure:14195: result: no
configure:14162: checking for openmpirun
configure:14195: result: no
configure:14669: checking for perl
configure:14699: result: /usr/bin/perl
configure:14746: checking for python
configure:14764: found /Users/heshamelabd/miniconda3/bin/python
configure:14776: result: /Users/heshamelabd/miniconda3/bin/python
configure:14799: checking whether /Users/heshamelabd/miniconda3/bin/python version is >= 2.7
configure:14810: /Users/heshamelabd/miniconda3/bin/python -c import sys # split strings by '.' and convert to numeric. Append some zeros # because we need at least 4 digits for the hex conversion. # map returns an iterator in Python 3.0 and a list in 2.x minver = list(map(int, '2.7'.split('.'))) + [0, 0, 0] minverhex = 0 # xrange is not present in Python 3.0 and range returns an iterator for i in list(range(0, 4)): minverhex = (minverhex << 8) + minver[i] sys.exit(sys.hexversion < minverhex)
configure:14813: $? = 0
configure:14815: result: yes
configure:14908: checking for /Users/heshamelabd/miniconda3/bin/python version
configure:14915: result: 3.8
configure:14927: checking for /Users/heshamelabd/miniconda3/bin/python platform
configure:14934: result: darwin
configure:14960: checking for /Users/heshamelabd/miniconda3/bin/python script directory
configure:14995: result: ${prefix}/lib/python3.8/site-packages
configure:15004: checking for /Users/heshamelabd/miniconda3/bin/python extension module directory
configure:15039: result: ${exec_prefix}/lib/python3.8/site-packages
configure:15100: checking for convert
configure:15133: result: no
configure:15178: checking for gs
configure:15211: result: no
configure:15404: checking that generated files are newer than configure
configure:15410: result: done
configure:15477: creating ./config.status

## ---------------------- ##
## Running config.status. ##
## ---------------------- ##

This file was extended by meme config.status 5.1.1, which was
generated by GNU Autoconf 2.69.  Invocation command line was

  CONFIG_FILES    = 
  CONFIG_HEADERS  = 
  CONFIG_LINKS    = 
  CONFIG_COMMANDS = 
  $ ./config.status 

on Heshams-MBP.fritz.box

config.status:1419: creating Makefile
config.status:1419: creating doc/Makefile
config.status:1419: creating doc/css/Makefile
config.status:1419: creating doc/examples/Makefile
config.status:1419: creating doc/examples/compute_prior_dist_example_output_files/Makefile
config.status:1419: creating doc/examples/sample_opal_scripts/Makefile
config.status:1419: creating doc/images/Makefile
config.status:1419: creating doc/js/Makefile
config.status:1419: creating etc/Makefile
config.status:1419: creating src/filters/Makefile
config.status:1419: creating src/filters/purge/Makefile
config.status:1419: creating src/filters/dust/Makefile
config.status:1419: creating scripts/Makefile
config.status:1419: creating src/Makefile
config.status:1419: creating src/libxml2/Makefile
config.status:1419: creating src/libxml2/include/Makefile
config.status:1419: creating src/libxml2/include/libxml/Makefile
config.status:1419: creating src/libxslt/Makefile
config.status:1419: creating src/libexslt/Makefile
config.status:1419: creating src/parallel/Makefile
config.status:1419: creating tests/Makefile
config.status:1419: creating tests/ame/Makefile
config.status:1419: creating tests/centrimo/Makefile
config.status:1419: creating tests/clustalw2fasta/Makefile
config.status:1419: creating tests/common/Makefile
config.status:1419: creating tests/common/motif.crp0/Makefile
config.status:1419: creating tests/common/motif.Puf3p/Makefile
config.status:1419: creating tests/create-priors/Makefile
config.status:1419: creating tests/draw-mhmm/Makefile
config.status:1419: creating tests/dreme/Makefile
config.status:1419: creating tests/fasta-center/Makefile
config.status:1419: creating tests/fimo/Makefile
config.status:1419: creating tests/glam2/Makefile
config.status:1419: creating tests/glam2scan/Makefile
config.status:1419: creating tests/gomo/Makefile
config.status:1419: creating tests/mast/Makefile
config.status:1419: creating tests/mcast/Makefile
config.status:1419: creating tests/meme/Makefile
config.status:1419: creating tests/meme-chip/Makefile
config.status:1419: creating tests/mhmm/Makefile
config.status:1419: creating tests/mhmms/Makefile
config.status:1419: creating tests/mhmmscan/Makefile
config.status:1419: creating tests/momo/Makefile
config.status:1419: creating tests/motiph/Makefile
config.status:1419: creating tests/psp-gen/Makefile
config.status:1419: creating tests/qvalue/Makefile
config.status:1419: creating tests/scaffold/Makefile
config.status:1419: creating tests/spamo/Makefile
config.status:1419: creating tests/scripts/Makefile
config.status:1419: creating tests/tgene/Makefile
config.status:1419: creating tests/tomtom/Makefile
config.status:1419: creating tests/web/Makefile
config.status:1419: creating website/Makefile
config.status:1419: creating website/templates/Makefile
config.status:1419: creating config.h
config.status:1679: executing depfiles commands
config.status:1756: cd src/filters/purge       && sed -e '/# am--include-marker/d' Makefile         | make -f - am--depfiles
config.status:1761: $? = 0
config.status:1756: cd src/filters/dust       && sed -e '/# am--include-marker/d' Makefile         | make -f - am--depfiles
config.status:1761: $? = 0
config.status:1756: cd src       && sed -e '/# am--include-marker/d' Makefile         | make -f - am--depfiles
config.status:1761: $? = 0
config.status:1756: cd src/libxml2       && sed -e '/# am--include-marker/d' Makefile         | make -f - am--depfiles
config.status:1761: $? = 0
config.status:1756: cd src/libxslt       && sed -e '/# am--include-marker/d' Makefile         | make -f - am--depfiles
config.status:1761: $? = 0
config.status:1756: cd src/libexslt       && sed -e '/# am--include-marker/d' Makefile         | make -f - am--depfiles
config.status:1761: $? = 0
config.status:1756: cd src/parallel       && sed -e '/# am--include-marker/d' Makefile         | make -f - am--depfiles
config.status:1761: $? = 0
config.status:1679: executing libtool commands
configure:17867: WARNING:     Neither Ghostscript or convert utilities were found. Png images won''t be generated from encapsulated postscript.   
configure:17879: WARNING:     
Checking Required Perl Modules:
HTML::Template missing.
JSON missing.

Checking Optional Modules:
Log::Log4perl missing. Used for logging and debugging by developers.
Math::CDF missing. Only required for fasta-enriched-center script (which is not called by the web scripts).
XML::Compile::SOAP11 missing. Used for downloading sequence databases from RSAT.
On Ubuntu, you may first need to run 'sudo apt-get install libxml2-dev'
XML::Compile::WSDL11 missing. Used for downloading sequence databases from RSAT
XML::Compile::Transport::SOAPHTTP missing. Used for downloading sequence databases from RSAT   

## ---------------- ##
## Cache variables. ##
## ---------------- ##

ac_cv_build=x86_64-apple-darwin19.6.0
ac_cv_c_compiler_gnu=yes
ac_cv_c_const=yes
ac_cv_env_CC_set=
ac_cv_env_CC_value=
ac_cv_env_CFLAGS_set=
ac_cv_env_CFLAGS_value=
ac_cv_env_CPPFLAGS_set=
ac_cv_env_CPPFLAGS_value=
ac_cv_env_CPP_set=
ac_cv_env_CPP_value=
ac_cv_env_LDFLAGS_set=
ac_cv_env_LDFLAGS_value=
ac_cv_env_LIBS_set=
ac_cv_env_LIBS_value=
ac_cv_env_LT_SYS_LIBRARY_PATH_set=
ac_cv_env_LT_SYS_LIBRARY_PATH_value=
ac_cv_env_PYTHON_set=
ac_cv_env_PYTHON_value=
ac_cv_env_build_alias_set=
ac_cv_env_build_alias_value=
ac_cv_env_host_alias_set=
ac_cv_env_host_alias_value=
ac_cv_env_target_alias_set=
ac_cv_env_target_alias_value=
ac_cv_func_floor=yes
ac_cv_func_fork=yes
ac_cv_func_fork_works=yes
ac_cv_func_getcwd=yes
ac_cv_func_gethostbyname=yes
ac_cv_func_isascii=yes
ac_cv_func_lstat_dereferences_slashed_symlink=no
ac_cv_func_malloc_0_nonnull=yes
ac_cv_func_memset=yes
ac_cv_func_pow=yes
ac_cv_func_realloc_0_nonnull=yes
ac_cv_func_rint=yes
ac_cv_func_socket=yes
ac_cv_func_sqrt=yes
ac_cv_func_stat_empty_string_bug=no
ac_cv_func_strchr=yes
ac_cv_func_strcspn=yes
ac_cv_func_strdup=yes
ac_cv_func_strlcpy=yes
ac_cv_func_strspn=yes
ac_cv_func_strstr=yes
ac_cv_func_vfork=yes
ac_cv_func_vfork_works=yes
ac_cv_header_arpa_inet_h=yes
ac_cv_header_ctype_h=yes
ac_cv_header_dlfcn_h=yes
ac_cv_header_fcntl_h=yes
ac_cv_header_inttypes_h=yes
ac_cv_header_limits_h=yes
ac_cv_header_memory_h=yes
ac_cv_header_netdb_h=yes
ac_cv_header_netinet_in_h=yes
ac_cv_header_stdbool_h=yes
ac_cv_header_stdc=yes
ac_cv_header_stdint_h=yes
ac_cv_header_stdlib_h=yes
ac_cv_header_string_h=yes
ac_cv_header_strings_h=yes
ac_cv_header_sys_socket_h=yes
ac_cv_header_sys_stat_h=yes
ac_cv_header_sys_time_h=yes
ac_cv_header_sys_types_h=yes
ac_cv_header_sys_wait_h=yes
ac_cv_header_unistd_h=yes
ac_cv_header_vfork_h=no
ac_cv_host=x86_64-apple-darwin19.6.0
ac_cv_lib_m_isnan__sqrt__log__exp__fabs__pow__floor__ceil=no
ac_cv_lib_z_compress=yes
ac_cv_objext=o
ac_cv_path_EGREP='/usr/bin/grep -E'
ac_cv_path_FGREP='/usr/bin/grep -F'
ac_cv_path_GREP=/usr/bin/grep
ac_cv_path_LD=/Library/Developer/CommandLineTools/usr/bin/ld
ac_cv_path_PERL=/usr/bin/perl
ac_cv_path_PYTHON=/Users/heshamelabd/miniconda3/bin/python
ac_cv_path_SED=/usr/bin/sed
ac_cv_path_SENDMAIL=/usr/sbin/sendmail
ac_cv_path_XML2_CONFIG=/usr/bin/xml2-config
ac_cv_path_XSLT_CONFIG=/usr/bin/xslt-config
ac_cv_path_install='/usr/bin/install -c'
ac_cv_path_lt_DD=/bin/dd
ac_cv_prog_AWK=awk
ac_cv_prog_CPP='gcc -E'
ac_cv_prog_ac_ct_AR=ar
ac_cv_prog_ac_ct_CC=gcc
ac_cv_prog_ac_ct_DSYMUTIL=dsymutil
ac_cv_prog_ac_ct_LIPO=lipo
ac_cv_prog_ac_ct_NMEDIT=nmedit
ac_cv_prog_ac_ct_OBJDUMP=objdump
ac_cv_prog_ac_ct_OTOOL=otool
ac_cv_prog_ac_ct_RANLIB=ranlib
ac_cv_prog_ac_ct_STRIP=strip
ac_cv_prog_cc_c89=
ac_cv_prog_cc_g=yes
ac_cv_prog_cc_gcc_c_o=yes
ac_cv_prog_make_make_set=yes
ac_cv_type__Bool=yes
ac_cv_type_pid_t=yes
ac_cv_type_signal=void
ac_cv_type_size_t=yes
am_cv_CC_dependencies_compiler_type=gcc3
am_cv_make_support_nested_variables=yes
am_cv_prog_cc_c_o=yes
am_cv_python_platform=darwin
am_cv_python_pyexecdir='${exec_prefix}/lib/python3.8/site-packages'
am_cv_python_pythondir='${prefix}/lib/python3.8/site-packages'
am_cv_python_version=3.8
lt_cv_apple_cc_single_mod=yes
lt_cv_ar_at_file=no
lt_cv_deplibs_check_method=pass_all
lt_cv_file_magic_cmd='$MAGIC_CMD'
lt_cv_file_magic_test_file=
lt_cv_ld_exported_symbols_list=yes
lt_cv_ld_force_load=yes
lt_cv_ld_reload_flag=-r
lt_cv_nm_interface='BSD nm'
lt_cv_objdir=.libs
lt_cv_path_LD=/Library/Developer/CommandLineTools/usr/bin/ld
lt_cv_path_NM='/usr/bin/nm -B'
lt_cv_path_mainfest_tool=no
lt_cv_prog_compiler_c_o=yes
lt_cv_prog_compiler_pic='-fno-common -DPIC'
lt_cv_prog_compiler_pic_works=yes
lt_cv_prog_compiler_rtti_exceptions=yes
lt_cv_prog_compiler_static_works=no
lt_cv_prog_gnu_ld=no
lt_cv_sharedlib_from_linklib_cmd='printf %s\n'
lt_cv_sys_global_symbol_pipe='sed -n -e '\''s/^.*[	 ]\([BCDEGRST][BCDEGRST]*\)[	 ][	 ]*_\([_A-Za-z][_A-Za-z0-9]*\)$/\1 _\2 \2/p'\'' | sed '\''/ __gnu_lto/d'\'''
lt_cv_sys_global_symbol_to_c_name_address='sed -n -e '\''s/^: \(.*\) .*$/  {"\1", (void *) 0},/p'\'' -e '\''s/^[BCDEGRST][BCDEGRST]* .* \(.*\)$/  {"\1", (void *) \&\1},/p'\'''
lt_cv_sys_global_symbol_to_c_name_address_lib_prefix='sed -n -e '\''s/^: \(.*\) .*$/  {"\1", (void *) 0},/p'\'' -e '\''s/^[BCDEGRST][BCDEGRST]* .* \(lib.*\)$/  {"\1", (void *) \&\1},/p'\'' -e '\''s/^[BCDEGRST][BCDEGRST]* .* \(.*\)$/  {"lib\1", (void *) \&\1},/p'\'''
lt_cv_sys_global_symbol_to_cdecl='sed -n -e '\''s/^T .* \(.*\)$/extern int \1();/p'\'' -e '\''s/^[BCDEGRST][BCDEGRST]* .* \(.*\)$/extern char \1;/p'\'''
lt_cv_sys_global_symbol_to_import=
lt_cv_sys_max_cmd_len=196608
lt_cv_to_host_file_cmd=func_convert_file_noop
lt_cv_to_tool_file_cmd=func_convert_file_noop
lt_cv_truncate_bin='/bin/dd bs=4096 count=1'

## ----------------- ##
## Output variables. ##
## ----------------- ##

ACLOCAL='${SHELL} /Users/heshamelabd/Downloads/meme-5.1.1/config/missing aclocal-1.16'
ALT_URL=''
AMDEPBACKSLASH='\'
AMDEP_FALSE='#'
AMDEP_TRUE=''
AMTAR='$${TAR-tar}'
AM_BACKSLASH='\'
AM_DEFAULT_V='$(AM_DEFAULT_VERBOSITY)'
AM_DEFAULT_VERBOSITY='1'
AM_V='$(V)'
ANT=''
AR='ar'
AUTOCONF='${SHELL} /Users/heshamelabd/Downloads/meme-5.1.1/config/missing autoconf'
AUTOHEADER='${SHELL} /Users/heshamelabd/Downloads/meme-5.1.1/config/missing autoheader'
AUTOMAKE='${SHELL} /Users/heshamelabd/Downloads/meme-5.1.1/config/missing automake-1.16'
AWK='awk'
BUILD_LIBXML2_FALSE='#'
BUILD_LIBXML2_TRUE=''
BUILD_LIBXSLT_FALSE='#'
BUILD_LIBXSLT_TRUE=''
CATALINA_HOME=''
CC='gcc'
CCDEPMODE='depmode=gcc3'
CFLAGS='-std=gnu89 -Wall -Wno-unused -DUNIX -D__USE_FIXED_PROTOTYPES__   -O3'
CONTACT=''
CONVERT=''
CPP='gcc -E'
CPPFLAGS=''
CYGPATH_W='echo'
DEBUG_FLAGS=''
DEFS='-DHAVE_CONFIG_H'
DEPDIR='.deps'
DEV_CONTACT='meme-suite@uw.edu'
DLLTOOL='false'
DSYMUTIL='dsymutil'
DUMPBIN=''
ECHO_C='\c'
ECHO_N=''
ECHO_T=''
EGREP='/usr/bin/grep -E'
EXEEXT=''
EXPIRY='4'
FGREP='/usr/bin/grep -F'
GHOSTSCRIPT=''
GOSERVER_URL='http://amigo.geneontology.org/cgi-bin/amigo/term_details?term=GO_TERM_ID'
GREP='/usr/bin/grep'
HAVE_PYTHON_3_FALSE='#'
HAVE_PYTHON_3_TRUE=''
HAVE_PYTHON_FALSE='#'
HAVE_PYTHON_TRUE=''
HOSTNAME='Heshams-MBP.fritz.box'
INSTALL_DATA='${INSTALL} -m 644'
INSTALL_PROGRAM='${INSTALL}'
INSTALL_SCRIPT='${INSTALL}'
INSTALL_STRIP_PROGRAM='$(install_sh) -c -s'
LAMBIN=''
LD='/Library/Developer/CommandLineTools/usr/bin/ld'
LDFLAGS=''
LIBEXSLT_CFLAGS='-I${top_srcdir}/src/libexslt'
LIBEXSLT_LIBS='${top_builddir}/src/libexslt/libexslt.la'
LIBOBJS=' ${LIBOBJDIR}lstat$U.o'
LIBS='-lz '
LIBTOOL='$(SHELL) $(top_builddir)/libtool'
LIBXML2_CFLAGS='-I${top_srcdir}/src/libxml2/include'
LIBXML2_LIBS='${top_builddir}/src/libxml2/libxml2.la'
LIBXSLT_CFLAGS='-I${top_srcdir}/src/'
LIBXSLT_LIBS='${top_builddir}/src/libxslt/libxslt.la'
LIPO='lipo'
LN_S='ln -s'
LTLIBOBJS=' ${LIBOBJDIR}lstat$U.lo'
LT_SYS_LIBRARY_PATH=''
MACHID='darwin'
MAKEINFO='${SHELL} /Users/heshamelabd/Downloads/meme-5.1.1/config/missing makeinfo'
MANIFEST_TOOL=':'
MAST_PORT=''
MAXTIME='18000'
MEME_DB='${datarootdir}/${PACKAGE_NAME}-5.1.1/db'
MEME_DIRECTORY='${prefix}'
MEME_LOGS='${localstatedir}/${PACKAGE_NAME}-5.1.1/LOGS'
MEME_PORT=''
MEME_TEMP=''
METAMEME_EXTERNAL_FALSE=''
METAMEME_EXTERNAL_TRUE='#'
MKDIR_P='config/install-sh -c -d'
MPICC='gcc'
MPIFLAGS=''
MPIINC=''
MPILIBDIR=''
MPIRUN=''
MPITYPE=''
MPI_CMD=''
NEWS_URL='./news.txt'
NM='/usr/bin/nm -B'
NMEDIT='nmedit'
NOTICES_URL='./notices.txt'
OBJDUMP='objdump'
OBJEXT='o'
OPAL_DEPLOY=''
OPAL_URL='no'
OPT_FLAGS='-O3'
OTOOL64=':'
OTOOL='otool'
PACKAGE='meme'
PACKAGE_BUGREPORT=''
PACKAGE_NAME='meme'
PACKAGE_STRING='meme 5.1.1'
PACKAGE_TARNAME='meme'
PACKAGE_URL=''
PACKAGE_VERSION='5.1.1'
PARALLEL_FALSE=''
PARALLEL_IS_LAM_FALSE=''
PARALLEL_IS_LAM_TRUE='#'
PARALLEL_TRUE='#'
PATH_SEPARATOR=':'
PERL='/usr/bin/perl'
PREV_URL=''
PREV_VER=''
PYTHON='/Users/heshamelabd/miniconda3/bin/python'
PYTHON_EXEC_PREFIX='${exec_prefix}'
PYTHON_PLATFORM='darwin'
PYTHON_PREFIX='${prefix}'
PYTHON_VERSION='3.8'
QUOTA=''
RANLIB='ranlib'
SED='/usr/bin/sed'
SENDMAIL='/usr/sbin/sendmail'
SET_MAKE=''
SHELL='/bin/sh'
SOURCE_URL='http://meme-suite.org'
STRIP='strip'
URL='http://meme-suite.org/'
VERSION='5.1.1'
WANT_STRLCPY_FALSE=''
WANT_STRLCPY_TRUE='#'
WEBSERVICE=''
WEBSERVICE_FALSE=''
WEBSERVICE_TRUE='#'
WEBSITE_FALSE=''
WEBSITE_TRUE='#'
WEB_FALSE=''
WEB_TRUE='#'
XBUILD=''
XML2_CONFIG='/usr/bin/xml2-config'
XSLT_CONFIG='/usr/bin/xslt-config'
ac_ct_AR='ar'
ac_ct_CC='gcc'
ac_ct_DUMPBIN=''
am__EXEEXT_FALSE=''
am__EXEEXT_TRUE='#'
am__fastdepCC_FALSE='#'
am__fastdepCC_TRUE=''
am__include='include'
am__isrc=''
am__leading_dot='.'
am__nodep='_no'
am__quote=''
am__tar='$${TAR-tar} chof - "$$tardir"'
am__untar='$${TAR-tar} xf -'
bindir='${exec_prefix}/bin'
build='x86_64-apple-darwin19.6.0'
build_alias=''
build_cpu='x86_64'
build_os='darwin19.6.0'
build_vendor='apple'
datadir='${datarootdir}'
datarootdir='${prefix}/share'
docdir='${datarootdir}/doc/${PACKAGE_TARNAME}'
dvidir='${docdir}'
exec_prefix='${prefix}'
host='x86_64-apple-darwin19.6.0'
host_alias=''
host_cpu='x86_64'
host_os='darwin19.6.0'
host_vendor='apple'
htmldir='${docdir}'
includedir='${prefix}/include'
infodir='${datarootdir}/info'
install_sh='${SHELL} /Users/heshamelabd/Downloads/meme-5.1.1/config/install-sh'
libdir='${exec_prefix}/lib'
libexecdir='${exec_prefix}/libexec'
localedir='${datarootdir}/locale'
localstatedir='${prefix}/var'
mandir='${datarootdir}/man'
mkdir_p='$(MKDIR_P)'
oldincludedir='/usr/include'
pdfdir='${docdir}'
pkgpyexecdir='${pyexecdir}/meme'
pkgpythondir='${pythondir}/meme'
prefix='/Users/heshamelabd/meme'
program_transform_name='s,x,x,'
psdir='${docdir}'
pyexecdir='${exec_prefix}/lib/python3.8/site-packages'
pythondir='${prefix}/lib/python3.8/site-packages'
sbindir='${exec_prefix}/sbin'
sharedstatedir='${prefix}/com'
sysconfdir='${prefix}/etc'
target_alias=''

## ----------- ##
## confdefs.h. ##
## ----------- ##

/* confdefs.h */
#define PACKAGE_NAME "meme"
#define PACKAGE_TARNAME "meme"
#define PACKAGE_VERSION "5.1.1"
#define PACKAGE_STRING "meme 5.1.1"
#define PACKAGE_BUGREPORT ""
#define PACKAGE_URL ""
#define PACKAGE "meme"
#define VERSION "5.1.1"
#define STDC_HEADERS 1
#define HAVE_SYS_TYPES_H 1
#define HAVE_SYS_STAT_H 1
#define HAVE_STDLIB_H 1
#define HAVE_STRING_H 1
#define HAVE_MEMORY_H 1
#define HAVE_STRINGS_H 1
#define HAVE_INTTYPES_H 1
#define HAVE_STDINT_H 1
#define HAVE_UNISTD_H 1
#define HAVE_DLFCN_H 1
#define LT_OBJDIR ".libs/"
#define HOSTNAME "Heshams-MBP.fritz.box"
#define HAVE_LIBZ 1
#define STDC_HEADERS 1
#define HAVE_SYS_WAIT_H 1
#define HAVE_ARPA_INET_H 1
#define HAVE_CTYPE_H 1
#define HAVE_FCNTL_H 1
#define HAVE_LIMITS_H 1
#define HAVE_NETDB_H 1
#define HAVE_NETINET_IN_H 1
#define HAVE_STDLIB_H 1
#define HAVE_STRING_H 1
#define HAVE_STRINGS_H 1
#define HAVE_SYS_SOCKET_H 1
#define HAVE_SYS_TIME_H 1
#define HAVE_UNISTD_H 1
#define HAVE__BOOL 1
#define HAVE_STDBOOL_H 1
#define HAVE_FORK 1
#define HAVE_VFORK 1
#define HAVE_WORKING_VFORK 1
#define HAVE_WORKING_FORK 1
#define HAVE_STDLIB_H 1
#define HAVE_MALLOC 1
#define HAVE_STDLIB_H 1
#define HAVE_REALLOC 1
#define RETSIGTYPE void
#define HAVE_FLOOR 1
#define HAVE_GETCWD 1
#define HAVE_GETHOSTBYNAME 1
#define HAVE_ISASCII 1
#define HAVE_MEMSET 1
#define HAVE_POW 1
#define HAVE_RINT 1
#define HAVE_SOCKET 1
#define HAVE_SQRT 1
#define HAVE_STRCHR 1
#define HAVE_STRCSPN 1
#define HAVE_STRDUP 1
#define HAVE_STRSPN 1
#define HAVE_STRSTR 1
#define HAVE_STRLCPY 1
#define MACOSX /**/
#define SITE_URL "http://meme-suite.org/"
#define ALT_URL ""
#define SOURCE_URL "http://meme-suite.org"
#define PERL "/usr/bin/perl"
#define PYTHON "/Users/heshamelabd/miniconda3/bin/python"
#define CONVERT_PATH ""
#define GHOSTSCRIPT_PATH ""

configure: exit 0
